<?xml version="1.0" encoding="UTF-8"?>
<testng-results total="2" passed="2" failed="0" skipped="0">
  <reporter-output>
  </reporter-output>
  <suite started-at="2024-01-08T03:55:05Z" name="Default Suite" finished-at="2024-01-08T03:55:10Z" duration-ms="4850">
    <groups>
    </groups>
    <test started-at="2024-01-08T03:55:05Z" name="TestingApp" finished-at="2024-01-08T03:55:10Z" duration-ms="4850">
      <class name="module.launchapplication">
        <test-method signature="TC1()[pri:0, instance:module.launchapplication@6e0f5f7f]" started-at="2024-01-08T09:25:05Z" name="TC1" finished-at="2024-01-08T09:25:10Z" duration-ms="4818" status="PASS">
          <reporter-output>
          </reporter-output>
        </test-method> <!-- TC1 -->
        <test-method signature="TC2()[pri:0, instance:module.launchapplication@6e0f5f7f]" started-at="2024-01-08T09:25:10Z" name="TC2" finished-at="2024-01-08T09:25:10Z" duration-ms="5" status="PASS">
          <reporter-output>
          </reporter-output>
        </test-method> <!-- TC2 -->
      </class> <!-- module.launchapplication -->
    </test> <!-- TestingApp -->
  </suite> <!-- Default Suite -->
</testng-results>
