<?xml version="1.0" encoding="UTF-8"?>
<testng-results total="1" passed="1" failed="0" skipped="0">
  <reporter-output>
  </reporter-output>
  <suite started-at="2023-03-30T04:39:23Z" name="Suite" finished-at="2023-03-30T04:39:36Z" duration-ms="13278">
    <groups>
    </groups>
    <test started-at="2023-03-30T04:39:23Z" name="Test" finished-at="2023-03-30T04:39:36Z" duration-ms="13278">
      <class name="module.LaunchApplication">
        <test-method signature="TC1()[pri:0, instance:module.LaunchApplication@6b58b9e9]" started-at="2023-03-30T10:09:23Z" name="TC1" finished-at="2023-03-30T10:09:36Z" duration-ms="13266" status="PASS">
          <reporter-output>
          </reporter-output>
        </test-method> <!-- TC1 -->
      </class> <!-- module.LaunchApplication -->
    </test> <!-- Test -->
  </suite> <!-- Suite -->
</testng-results>
